SF:lib/flutternativedata.dart
DA:10,1
DA:11,2
DA:14,1
DA:15,2
DA:18,1
DA:21,2
DA:22,1
DA:23,2
DA:25,2
DA:29,1
DA:32,2
DA:33,1
DA:34,2
DA:36,2
DA:40,1
DA:43,2
DA:44,1
DA:45,2
DA:47,2
LF:19
LH:19
end_of_record
SF:lib/flutternativedata_platform_interface.dart
DA:6,6
DA:7,6
DA:8,3
DA:12,2
DA:17,1
DA:18,2
LF:6
LH:6
end_of_record
SF:lib/flutternativedata_method_channel.dart
DA:12,1
DA:15,2
DA:19,1
DA:21,2
DA:24,1
DA:26,2
DA:29,1
DA:31,2
DA:34,1
DA:36,2
LF:10
LH:10
end_of_record
SF:lib/entities/fn_device_info.dart
DA:20,1
DA:40,1
DA:41,1
DA:42,1
DA:43,1
DA:44,1
DA:45,1
DA:46,1
DA:47,1
DA:48,1
DA:49,1
DA:50,1
DA:51,1
DA:52,1
DA:53,1
DA:54,1
DA:55,1
DA:56,1
DA:57,2
DA:58,1
DA:62,0
DA:63,0
DA:64,0
DA:65,0
DA:66,0
DA:67,0
DA:68,0
DA:69,0
DA:70,0
DA:71,0
DA:72,0
DA:73,0
DA:74,0
DA:75,0
DA:76,0
DA:77,0
DA:78,0
DA:79,0
DA:80,0
LF:39
LH:20
end_of_record
SF:lib/entities/fn_memory_info.dart
DA:6,1
DA:12,1
DA:13,1
DA:14,1
DA:15,1
DA:16,1
DA:20,0
DA:21,0
DA:22,0
DA:23,0
DA:24,0
LF:11
LH:6
end_of_record
SF:lib/entities/fn_package_info.dart
DA:7,1
DA:14,1
DA:15,1
DA:16,2
DA:17,1
DA:18,1
DA:19,1
DA:23,0
DA:24,0
DA:25,0
DA:26,0
DA:27,0
DA:28,0
LF:13
LH:7
end_of_record
SF:lib/util/primitive_ext.dart
DA:2,1
DA:3,1
DA:5,2
DA:7,2
LF:4
LH:4
end_of_record
